Performing C SOURCE FILE Test CMAKE_HAVE_LIBC_PTHREAD failed with the following output:
Change Dir: /home/agus/Escritorio/Proyectos/Este Cuatri/P75.42 Taller 1/tp1taller/build/CMakeFiles/CMakeTmp

Run Build Command(s):/usr/bin/make cmTC_cb6d9/fast && /usr/bin/make  -f CMakeFiles/cmTC_cb6d9.dir/build.make CMakeFiles/cmTC_cb6d9.dir/build
make[1]: se entra en el directorio '/home/agus/Escritorio/Proyectos/Este Cuatri/P75.42 Taller 1/tp1taller/build/CMakeFiles/CMakeTmp'
Building C object CMakeFiles/cmTC_cb6d9.dir/src.c.o
/usr/bin/cc   -DCMAKE_HAVE_LIBC_PTHREAD   -o CMakeFiles/cmTC_cb6d9.dir/src.c.o   -c "/home/agus/Escritorio/Proyectos/Este Cuatri/P75.42 Taller 1/tp1taller/build/CMakeFiles/CMakeTmp/src.c"
Linking C executable cmTC_cb6d9
/snap/cmake/323/bin/cmake -E cmake_link_script CMakeFiles/cmTC_cb6d9.dir/link.txt --verbose=1
/usr/bin/cc  -DCMAKE_HAVE_LIBC_PTHREAD    CMakeFiles/cmTC_cb6d9.dir/src.c.o  -o cmTC_cb6d9 
CMakeFiles/cmTC_cb6d9.dir/src.c.o: En la función `main':
src.c:(.text+0x3e): referencia a `pthread_create' sin definir
src.c:(.text+0x4a): referencia a `pthread_detach' sin definir
src.c:(.text+0x56): referencia a `pthread_cancel' sin definir
src.c:(.text+0x67): referencia a `pthread_join' sin definir
src.c:(.text+0x7b): referencia a `pthread_atfork' sin definir
collect2: error: ld returned 1 exit status
CMakeFiles/cmTC_cb6d9.dir/build.make:106: recipe for target 'cmTC_cb6d9' failed
make[1]: *** [cmTC_cb6d9] Error 1
make[1]: se sale del directorio '/home/agus/Escritorio/Proyectos/Este Cuatri/P75.42 Taller 1/tp1taller/build/CMakeFiles/CMakeTmp'
Makefile:141: recipe for target 'cmTC_cb6d9/fast' failed
make: *** [cmTC_cb6d9/fast] Error 2


Source file was:
#include <pthread.h>

void* test_func(void* data)
{
  return data;
}

int main(void)
{
  pthread_t thread;
  pthread_create(&thread, NULL, test_func, NULL);
  pthread_detach(thread);
  pthread_cancel(thread);
  pthread_join(thread, NULL);
  pthread_atfork(NULL, NULL, NULL);
  pthread_exit(NULL);

  return 0;
}

Determining if the function pthread_create exists in the pthreads failed with the following output:
Change Dir: /home/agus/Escritorio/Proyectos/Este Cuatri/P75.42 Taller 1/tp1taller/build/CMakeFiles/CMakeTmp

Run Build Command(s):/usr/bin/make cmTC_a61a9/fast && /usr/bin/make  -f CMakeFiles/cmTC_a61a9.dir/build.make CMakeFiles/cmTC_a61a9.dir/build
make[1]: se entra en el directorio '/home/agus/Escritorio/Proyectos/Este Cuatri/P75.42 Taller 1/tp1taller/build/CMakeFiles/CMakeTmp'
Building C object CMakeFiles/cmTC_a61a9.dir/CheckFunctionExists.c.o
/usr/bin/cc   -DCHECK_FUNCTION_EXISTS=pthread_create   -o CMakeFiles/cmTC_a61a9.dir/CheckFunctionExists.c.o   -c /snap/cmake/323/share/cmake-3.17/Modules/CheckFunctionExists.c
Linking C executable cmTC_a61a9
/snap/cmake/323/bin/cmake -E cmake_link_script CMakeFiles/cmTC_a61a9.dir/link.txt --verbose=1
/usr/bin/cc  -DCHECK_FUNCTION_EXISTS=pthread_create    CMakeFiles/cmTC_a61a9.dir/CheckFunctionExists.c.o  -o cmTC_a61a9  -lpthreads 
/usr/bin/ld: no se puede encontrar -lpthreads
collect2: error: ld returned 1 exit status
CMakeFiles/cmTC_a61a9.dir/build.make:106: recipe for target 'cmTC_a61a9' failed
make[1]: *** [cmTC_a61a9] Error 1
make[1]: se sale del directorio '/home/agus/Escritorio/Proyectos/Este Cuatri/P75.42 Taller 1/tp1taller/build/CMakeFiles/CMakeTmp'
Makefile:141: recipe for target 'cmTC_a61a9/fast' failed
make: *** [cmTC_a61a9/fast] Error 2



